<?xml version="1.0" encoding="UTF-8" ?>
<testsuite tests="13" failures="0" errors="0" skipped="0" time="0.000" name="module 'i18n_sup'">
  <testcase time="0.033" name="i18n_string_tests:from_utf8_test/0_0"/>
  <testcase time="0.001" name="i18n_string_tests:simple_open_test/0_0"/>
  <testcase time="1.012" name="i18n_string_tests:prop_from_char_test_/0_0" description="1 char conversation prop testing.">
    <system-out>Failed!

Failed after 1 tests with false
Simplified:
	{ Xs } = {0}

    </system-out>
  </testcase>
  <testcase time="6.700" name="i18n_string_tests:prop_from_utf8_test_/0_0" description="from_utf8 and to_utf8 prop testing.">
    <system-out>.....Failed!

Failed after 6 tests with false
Simplified:
	{ Xs } = {&lt;&lt;243,157,182,164,243,182,149,153,240,156,170,179,240,184,143,149,242,156,164,173,243,173,143,159,242,128,169,128,241,149,163,162,242,184,130,146,240,152,146,135,243,175,167,149,243,180,132,145,242,145,164,159,243,165,191,153,237,133,145,243,163,186,174,243,140,135,134,0,242,191,162,162,240,157,134,187,239,131,128,242,157,188,184,241,148,160,164,242,134,146,141,243,176,185,152,242,164,138,179,241,182,178,182,241,180,132,137,240,165,146,146,242,141,154,161,241,135,135,140,240,175,184,137,242,181,167,154,242,135,178,170,241,143,148,182,243,179,146,171,243,188,136,172,243,129,176,133,242,182,176,182,238,143,158,239,184,129,243,155,133,153,242,178,146,151,241,189,156,164,243,153,187,156,244,141,163,175,244,139,170,181,243,180,185,150,241,153,138,175,241,162,189,138,240,187,162,154,227,157,190,243,137,151,141,242,134,133,135,241,156,145,178,225,128,161,241,165,165,188,242,184,189,190,240,164,141,188,242,172,165,165,241,185,179,154,244,139,135,151,243,155,190,162,242,175,133,191,242,176,146,140,242,173,129,154,241,182,155,129,243,184,161,188,242,134,164,135,242,142,134,148,243,149,144,142,243,167,190,161,242,163,132,133,241,133,191,131,239,151,128,242,185,145,186,241,132,144,128,234,137,173,244,141,145,130,242,161,164,160,240,188,146,141,243,175,163,168,241,167,132,176,241,187,152,152,242,154,159,158,244,136,165,181,243,159,185,191,243,169,134,134,242,147,162,184,240,157,177,188,242,181,182,185,242,188,169,167,235,187,143,240,155,179,155,242,129,160,148,241,156,176,186,243,143,138,160,241,135,152,172,242,143,191,147,241,154,163,167&gt;&gt;}

    </system-out>
  </testcase>
  <testcase time="5.617" name="i18n_string_tests:prop_case_test_/0_0" description="to_lower and to_upper prop testing.">
    <system-out>..............................................................................Failed!

Failed after 79 tests with false
Simplified:
	{ Xs } = {&lt;&lt;241,181,130,130,241,135,128,146,226,153,174,242,135,144,167,242,128,181,142,235,160,157,240,188,162,181,242,131,186,173,243,146,170,129,243,145,177,136,243,136,133,151,243,167,172,187,241,175,157,178,244,131,155,182,241,182,190,161,242,185,174,190,243,141,152,191,240,187,168,141,240,167,157,176,215,149,240,145,158,129,243,138,155,153,233,145,160,241,160,141,186,240,149,153,173,242,149,183,184,232,176,138,240,186,156,174,240,182,145,164,242,137,144,143,240,183,148,191,241,158,132,182,243,136,186,178,242,146,129,145,243,175,174,167,243,173,150,171,242,136,168,129,242,129,174,190,240,152,131,165,240,172,130,158,240,150,139,136,233,183,142,241,191,130,142,243,186,154,174,244,135,188,132,242,146,183,166,242,154,182,157,242,147,178,140,244,141,175,164,240,169,128,160,243,141,140,130,235,137,136,242,130,158,148,243,185,136,165,241,161,144,184,242,157,134,132,225,191,130,243,180,159,132,241,157,189,138,241,164,158,172,241,145,131,182,242,173,136,135,240,152,137,129,242,133,128,147,241,153,183,128,240,176,163,186,242,174,161,145,241,153,144,128,243,166,190,178,242,155,184,161,241,157,142,138,241,166,131,163,243,147,167,131,241,188,130,161,241,137,189,160,244,142,129,160,243,189,167,160,243,144,147,191,242,165,166,179,243,142,189,164,240,144,179,163,243,138,165,183,240,151,172,153,241,152,140,129,241,141,181,156,240,149,158,182,240,177,172,150,241,157,175,172,243,135,180,174,243,160,132,183,242,172,147,147,240,187,146,163,241,170,176,150,242,172,191,135,243,132,166,162,243,166,182,179,240,155,187,158,244,135,175,131,243,189,175,137,243,168,130,188&gt;&gt;}

    </system-out>
  </testcase>
  <testcase time="0.017" name="i18n_string_tests:prop_len_test_/0_0" description="len prop testing.">
    <system-out>....................................................................................................
Ran 100 tests

    </system-out>
  </testcase>
  <testcase time="0.034" name="i18n_string_tests:prop_get_iterator_parallel_test_/0_0" description="Cloner for the iterator type prop testing.">
    <system-out>....................................................................................................
Ran 100 tests

    </system-out>
  </testcase>
  <testcase time="0.000" name="i18n_collation_tests:simple_open_test/0_0"/>
  <testcase time="0.000" name="i18n_collation_tests:simple_sort_key_test/0_0"/>
  <testcase time="0.000" name="i18n_collation_tests:simple_sort_test_/0_45" description="Simple input data."/>
  <testcase time="0.016" name="i18n_collation_tests:natural_sort_test_/0_136" description="Using official test strings from Dave Koelle"/>
  <testcase time="0.035" name="i18n_collation_tests:prop_sort_key_test_/0_0" description="sort_key prop testing.">
    <system-out>....................................................................................................
Ran 100 tests

    </system-out>
  </testcase>
  <testcase time="0.023" name="i18n_collation_tests:prop_compare_test_/0_0" description="compare prop testing.">
    <system-out>....................................................................................................
Ran 100 tests

    </system-out>
  </testcase>
</testsuite>
